生成启动时间为 3/28/2016 5:47:21 PM。
     1>项目“F:\personal programme\ImagePointsInfo\ImagePointsInfo\ImagePointsInfo.vcxproj”在节点 2 上(build 个目标)。
     1>InitializeBuildStatus:
         正在创建“Debug\ImagePointsInfo.unsuccessfulbuild”，因为已指定“AlwaysCreate”。
       ClCompile:
         所有输出均为最新。
         D:\Program Files\Microsoft Visual Studio 10.0\VC\bin\CL.exe /c /IE:\OpenCV244\opencv\build\include /IE:\OpenCV244\opencv\build\include\opencv /IE:\OpenCV244\opencv\build\include\opencv2 /ZI /nologo /W3 /WX- /Od /Oy- /D WIN32 /D _WINDOWS /D _DEBUG /D _MBCS /D _AFXDLL /Gm /EHsc /RTC1 /MDd /GS /fp:precise /Zc:wchar_t /Zc:forScope /Yu"StdAfx.h" /Fp"Debug\ImagePointsInfo.pch" /Fo"Debug\\" /Fd"Debug\vc100.pdb" /Gd /TP /analyze- /errorReport:prompt ImagePointsInfoDlg.cpp
         ImagePointsInfoDlg.cpp
     1>e:\opencv244\opencv\build\include\opencv2\flann\logger.h(66): warning C4996: 'fopen': This function or variable may be unsafe. Consider using fopen_s instead. To disable deprecation, use _CRT_SECURE_NO_WARNINGS. See online help for details.
                 d:\program files\microsoft visual studio 10.0\vc\include\stdio.h(234) : 参见“fopen”的声明
     1>f:\personal programme\imagepointsinfo\imagepointsinfo\imagepointsinfodlg.cpp(91): warning C4996: 'sprintf': This function or variable may be unsafe. Consider using sprintf_s instead. To disable deprecation, use _CRT_SECURE_NO_WARNINGS. See online help for details.
                 d:\program files\microsoft visual studio 10.0\vc\include\stdio.h(371) : 参见“sprintf”的声明
     1>f:\personal programme\imagepointsinfo\imagepointsinfo\imagepointsinfodlg.cpp(108): warning C4996: 'sprintf': This function or variable may be unsafe. Consider using sprintf_s instead. To disable deprecation, use _CRT_SECURE_NO_WARNINGS. See online help for details.
                 d:\program files\microsoft visual studio 10.0\vc\include\stdio.h(371) : 参见“sprintf”的声明
     1>f:\personal programme\imagepointsinfo\imagepointsinfo\imagepointsinfodlg.cpp(127): warning C4996: 'sprintf': This function or variable may be unsafe. Consider using sprintf_s instead. To disable deprecation, use _CRT_SECURE_NO_WARNINGS. See online help for details.
                 d:\program files\microsoft visual studio 10.0\vc\include\stdio.h(371) : 参见“sprintf”的声明
     1>f:\personal programme\imagepointsinfo\imagepointsinfo\imagepointsinfodlg.cpp(271): warning C4305: “=”: 从“int”到“CHAR”截断
     1>f:\personal programme\imagepointsinfo\imagepointsinfo\imagepointsinfodlg.cpp(271): warning C4309: “=”: 截断常量值
     1>f:\personal programme\imagepointsinfo\imagepointsinfo\imagepointsinfodlg.cpp(281): warning C4305: “=”: 从“int”到“TCHAR”截断
     1>f:\personal programme\imagepointsinfo\imagepointsinfo\imagepointsinfodlg.cpp(281): warning C4309: “=”: 截断常量值
     1>f:\personal programme\imagepointsinfo\imagepointsinfo\imagepointsinfodlg.cpp(326): warning C4018: “<”: 有符号/无符号不匹配
       ResourceCompile:
         所有输出均为最新。
       ManifestResourceCompile:
         所有输出均为最新。
       Link:
         D:\Program Files\Microsoft Visual Studio 10.0\VC\bin\link.exe /ERRORREPORT:PROMPT /OUT:"F:\personal programme\ImagePointsInfo\Debug\ImagePointsInfo.exe" /INCREMENTAL /NOLOGO /LIBPATH:E:\OpenCV244\opencv\build\x86\vc10\lib opencv_calib3d2411d.lib opencv_contrib2411d.lib opencv_core2411d.lib opencv_features2d2411d.lib opencv_flann2411d.lib opencv_gpu2411d.lib opencv_highgui2411d.lib opencv_imgproc2411d.lib opencv_legacy2411d.lib opencv_ml2411d.lib opencv_nonfree2411d.lib opencv_objdetect2411d.lib opencv_photo2411d.lib opencv_stitching2411d.lib opencv_ts2411d.lib opencv_video2411d.lib opencv_videostab2411d.lib /MANIFEST /ManifestFile:"Debug\ImagePointsInfo.exe.intermediate.manifest" /MANIFESTUAC:"level='asInvoker' uiAccess='false'" /DEBUG /PDB:"F:\personal programme\ImagePointsInfo\Debug\ImagePointsInfo.pdb" /SUBSYSTEM:WINDOWS /TLBID:1 /DYNAMICBASE /NXCOMPAT /IMPLIB:"F:\personal programme\ImagePointsInfo\Debug\ImagePointsInfo.lib" /MACHINE:X86 Debug\ImagePointsInfo.res
         Debug\ImagePointsInfo.exe.embed.manifest.res
         Debug\ImagePointsInfo.obj
         Debug\ImagePointsInfoDlg.obj
         Debug\stdafx.obj
       Manifest:
         C:\Program Files\Microsoft SDKs\Windows\v7.0A\bin\mt.exe /nologo /verbose /out:"Debug\ImagePointsInfo.exe.embed.manifest" /manifest Debug\ImagePointsInfo.exe.intermediate.manifest "D:\Program Files\Microsoft Visual Studio 10.0\VC\Include\Manifest\dpiaware.manifest"
         所有输出均为最新。
       LinkEmbedManifest:
         所有输出均为最新。
         ImagePointsInfo.vcxproj -> F:\personal programme\ImagePointsInfo\Debug\ImagePointsInfo.exe
       FinalizeBuildStatus:
         正在删除文件“Debug\ImagePointsInfo.unsuccessfulbuild”。
         正在对“Debug\ImagePointsInfo.lastbuildstate”执行 Touch 任务。
     1>已完成生成项目“F:\personal programme\ImagePointsInfo\ImagePointsInfo\ImagePointsInfo.vcxproj”(build 个目标)的操作。

生成成功。

已用时间 00:00:02.94
